[37;1m2026-07-14 16:29:07.282 [31;1m[[37;1mRTPS_TRANSPORT_SHM[31;1m Error] [37mFailed init_port fastrtps_port7425: open_and_lock_file failed[34;1m -> Function [36mopen_port_internal[m
[INFO] [1784017747.377467664] [leg_odom_node]: Loading MuJoCo model for FK: /home/robot/F1/build/cfg/sim_module/model/mjcf/xyber_x1_nav.xml
[INFO] [1784017747.808319555] [leg_odom_node]: LegOdomNode тљ»тіе:
  ТеАтъІ: /home/robot/F1/build/cfg/sim_module/model/mjcf/xyber_x1_nav.xml
  тЁ│УіѓТЋ░: 12
  УЙЊтЄ║: /leg_odom (odom_leg Рєњ base_link)
  тЈЉтИЃ TF: False
[INFO] [1784017747.810318637] [leg_odom_node]: Leg odom тѕЮтДІтїќ:
  тидУёџ (жфеуЏєу│╗): (-0.009, 0.135, -0.606)
  тЈ│Уёџ (жфеуЏєу│╗): (-0.006, -0.135, -0.526)
  Тћ»ТњЉУёџ: left
[INFO] [1784017775.853513534] [leg_odom_node]: Тћ»ТњЉУёџтѕЄТЇб: left Рєњ both
[INFO] [1784017775.911983953] [leg_odom_node]: Тћ»ТњЉУёџтѕЄТЇб: both Рєњ left
[INFO] [1784017776.051830156] [leg_odom_node]: Тћ»ТњЉУёџтѕЄТЇб: left Рєњ both
[INFO] [1784017776.141818663] [leg_odom_node]: Тћ»ТњЉУёџтѕЄТЇб: both Рєњ left
[INFO] [1784017776.259464386] [leg_odom_node]: Тћ»ТњЉУёџтѕЄТЇб: left Рєњ both
[INFO] [1784017776.276415004] [leg_odom_node]: Тћ»ТњЉУёџтѕЄТЇб: both Рєњ right
[INFO] [1784017776.383102123] [leg_odom_node]: Тћ»ТњЉУёџтѕЄТЇб: right Рєњ both
[INFO] [1784017776.393974832] [leg_odom_node]: Тћ»ТњЉУёџтѕЄТЇб: both Рєњ left
[INFO] [1784017776.676493429] [leg_odom_node]: Тћ»ТњЉУёџтѕЄТЇб: left Рєњ both
[INFO] [1784017776.685334094] [leg_odom_node]: Тћ»ТњЉУёџтѕЄТЇб: both Рєњ right
[INFO] [1784017776.834128299] [leg_odom_node]: Тћ»ТњЉУёџтѕЄТЇб: right Рєњ both
[INFO] [1784017776.843929044] [leg_odom_node]: Тћ»ТњЉУёџтѕЄТЇб: both Рєњ left
[INFO] [1784017776.989709436] [leg_odom_node]: Тћ»ТњЉУёџтѕЄТЇб: left Рєњ both
[INFO] [1784017776.998671148] [leg_odom_node]: Тћ»ТњЉУёџтѕЄТЇб: both Рєњ right
[INFO] [1784017777.131480248] [leg_odom_node]: Тћ»ТњЉУёџтѕЄТЇб: right Рєњ both
[INFO] [1784017777.142224853] [leg_odom_node]: Тћ»ТњЉУёџтѕЄТЇб: both Рєњ left
[INFO] [1784017777.310227279] [leg_odom_node]: Тћ»ТњЉУёџтѕЄТЇб: left Рєњ both
[INFO] [1784017777.316756625] [leg_odom_node]: Тћ»ТњЉУёџтѕЄТЇб: both Рєњ right
[INFO] [1784017777.440535921] [leg_odom_node]: Тћ»ТњЉУёџтѕЄТЇб: right Рєњ both
[INFO] [1784017777.451703979] [leg_odom_node]: Тћ»ТњЉУёџтѕЄТЇб: both Рєњ left
[INFO] [1784017777.628202284] [leg_odom_node]: Тћ»ТњЉУёџтѕЄТЇб: left Рєњ both
[INFO] [1784017777.635136711] [leg_odom_node]: Тћ»ТњЉУёџтѕЄТЇб: both Рєњ right
[INFO] [1784017777.776124596] [leg_odom_node]: Тћ»ТњЉУёџтѕЄТЇб: right Рєњ both
[INFO] [1784017777.783292253] [leg_odom_node]: Тћ»ТњЉУёџтѕЄТЇб: both Рєњ left
[INFO] [1784017777.936347430] [leg_odom_node]: Тћ»ТњЉУёџтѕЄТЇб: left Рєњ both
[INFO] [1784017777.951651965] [leg_odom_node]: Тћ»ТњЉУёџтѕЄТЇб: both Рєњ right
[INFO] [1784017778.070724686] [leg_odom_node]: Тћ»ТњЉУёџтѕЄТЇб: right Рєњ both
[INFO] [1784017778.081423194] [leg_odom_node]: Тћ»ТњЉУёџтѕЄТЇб: both Рєњ left
[INFO] [1784017778.244790626] [leg_odom_node]: Тћ»ТњЉУёџтѕЄТЇб: left Рєњ both
[INFO] [1784017778.254671361] [leg_odom_node]: Тћ»ТњЉУёџтѕЄТЇб: both Рєњ right
[INFO] [1784017778.388214140] [leg_odom_node]: Тћ»ТњЉУёџтѕЄТЇб: right Рєњ both
[INFO] [1784017778.396908512] [leg_odom_node]: Тћ»ТњЉУёџтѕЄТЇб: both Рєњ left
[INFO] [1784017778.556674000] [leg_odom_node]: Тћ»ТњЉУёџтѕЄТЇб: left Рєњ both
[INFO] [1784017778.566754209] [leg_odom_node]: Тћ»ТњЉУёџтѕЄТЇб: both Рєњ right
[INFO] [1784017778.703360314] [leg_odom_node]: Тћ»ТњЉУёџтѕЄТЇб: right Рєњ both
[INFO] [1784017778.714263181] [leg_odom_node]: Тћ»ТњЉУёџтѕЄТЇб: both Рєњ left
[INFO] [1784017778.878873324] [leg_odom_node]: Тћ»ТњЉУёџтѕЄТЇб: left Рєњ both
[INFO] [1784017778.887908807] [leg_odom_node]: Тћ»ТњЉУёџтѕЄТЇб: both Рєњ right
[INFO] [1784017779.026238632] [leg_odom_node]: Тћ»ТњЉУёџтѕЄТЇб: right Рєњ both
[INFO] [1784017779.037580128] [leg_odom_node]: Тћ»ТњЉУёџтѕЄТЇб: both Рєњ left
[INFO] [1784017779.193393098] [leg_odom_node]: Тћ»ТњЉУёџтѕЄТЇб: left Рєњ both
[INFO] [1784017779.202413299] [leg_odom_node]: Тћ»ТњЉУёџтѕЄТЇб: both Рєњ right
[INFO] [1784017779.333626228] [leg_odom_node]: Тћ»ТњЉУёџтѕЄТЇб: right Рєњ both
[INFO] [1784017779.347232898] [leg_odom_node]: Тћ»ТњЉУёџтѕЄТЇб: both Рєњ left
[INFO] [1784017779.519171072] [leg_odom_node]: Тћ»ТњЉУёџтѕЄТЇб: left Рєњ both
[INFO] [1784017779.529326911] [leg_odom_node]: Тћ»ТњЉУёџтѕЄТЇб: both Рєњ right
[INFO] [1784017779.655269523] [leg_odom_node]: Тћ»ТњЉУёџтѕЄТЇб: right Рєњ both
[INFO] [1784017779.666254619] [leg_odom_node]: Тћ»ТњЉУёџтѕЄТЇб: both Рєњ left
[INFO] [1784017779.839707485] [leg_odom_node]: Тћ»ТњЉУёџтѕЄТЇб: left Рєњ both
[INFO] [1784017779.847761393] [leg_odom_node]: Тћ»ТњЉУёџтѕЄТЇб: both Рєњ right
[INFO] [1784017779.977488020] [leg_odom_node]: Тћ»ТњЉУёџтѕЄТЇб: right Рєњ both
[INFO] [1784017779.988409789] [leg_odom_node]: Тћ»ТњЉУёџтѕЄТЇб: both Рєњ left
[INFO] [1784017780.165444517] [leg_odom_node]: Тћ»ТњЉУёџтѕЄТЇб: left Рєњ both
[INFO] [1784017780.174331137] [leg_odom_node]: Тћ»ТњЉУёџтѕЄТЇб: both Рєњ right
[INFO] [1784017780.293749752] [leg_odom_node]: Тћ»ТњЉУёџтѕЄТЇб: right Рєњ both
[INFO] [1784017780.304936038] [leg_odom_node]: Тћ»ТњЉУёџтѕЄТЇб: both Рєњ left
[INFO] [1784017780.473913146] [leg_odom_node]: Тћ»ТњЉУёџтѕЄТЇб: left Рєњ both
[INFO] [1784017780.484383600] [leg_odom_node]: Тћ»ТњЉУёџтѕЄТЇб: both Рєњ right
[INFO] [1784017780.615024920] [leg_odom_node]: Тћ»ТњЉУёџтѕЄТЇб: right Рєњ both
[INFO] [1784017780.624602331] [leg_odom_node]: Тћ»ТњЉУёџтѕЄТЇб: both Рєњ left
[INFO] [1784017780.782404110] [leg_odom_node]: Тћ»ТњЉУёџтѕЄТЇб: left Рєњ both
[INFO] [1784017780.794105550] [leg_odom_node]: Тћ»ТњЉУёџтѕЄТЇб: both Рєњ right
[INFO] [1784017780.911346929] [leg_odom_node]: Тћ»ТњЉУёџтѕЄТЇб: right Рєњ both
[INFO] [1784017780.923032553] [leg_odom_node]: Тћ»ТњЉУёџтѕЄТЇб: both Рєњ left
[INFO] [1784017781.108426042] [leg_odom_node]: Тћ»ТњЉУёџтѕЄТЇб: left Рєњ both
[INFO] [1784017781.125327751] [leg_odom_node]: Тћ»ТњЉУёџтѕЄТЇб: both Рєњ right
[INFO] [1784017781.230177860] [leg_odom_node]: Тћ»ТњЉУёџтѕЄТЇб: right Рєњ both
[INFO] [1784017781.240462768] [leg_odom_node]: Тћ»ТњЉУёџтѕЄТЇб: both Рєњ left
[INFO] [1784017781.414602090] [leg_odom_node]: Тћ»ТњЉУёџтѕЄТЇб: left Рєњ both
[INFO] [1784017781.425523565] [leg_odom_node]: Тћ»ТњЉУёџтѕЄТЇб: both Рєњ right
[INFO] [1784017781.550445981] [leg_odom_node]: Тћ»ТњЉУёџтѕЄТЇб: right Рєњ both
[INFO] [1784017781.568363983] [leg_odom_node]: Тћ»ТњЉУёџтѕЄТЇб: both Рєњ left
[INFO] [1784017781.827002320] [leg_odom_node]: Тћ»ТњЉУёџтѕЄТЇб: left Рєњ both
[INFO] [1784017781.845364838] [leg_odom_node]: Тћ»ТњЉУёџтѕЄТЇб: both Рєњ right
[INFO] [1784017781.941850647] [leg_odom_node]: Тћ»ТњЉУёџтѕЄТЇб: right Рєњ both
[INFO] [1784017781.952937955] [leg_odom_node]: Тћ»ТњЉУёџтѕЄТЇб: both Рєњ left
[INFO] [1784017782.120789386] [leg_odom_node]: Тћ»ТњЉУёџтѕЄТЇб: left Рєњ both
[INFO] [1784017782.128898392] [leg_odom_node]: Тћ»ТњЉУёџтѕЄТЇб: both Рєњ right
[INFO] [1784017782.224456877] [leg_odom_node]: Тћ»ТњЉУёџтѕЄТЇб: right Рєњ both
[INFO] [1784017782.241444335] [leg_odom_node]: Тћ»ТњЉУёџтѕЄТЇб: both Рєњ left
[INFO] [1784017782.525332942] [leg_odom_node]: Тћ»ТњЉУёџтѕЄТЇб: left Рєњ both
[INFO] [1784017782.537167266] [leg_odom_node]: Тћ»ТњЉУёџтѕЄТЇб: both Рєњ right
[INFO] [1784017782.633542520] [leg_odom_node]: Тћ»ТњЉУёџтѕЄТЇб: right Рєњ both
[INFO] [1784017782.645129626] [leg_odom_node]: Тћ»ТњЉУёџтѕЄТЇб: both Рєњ left
[INFO] [1784017782.804362105] [leg_odom_node]: Тћ»ТњЉУёџтѕЄТЇб: left Рєњ both
[INFO] [1784017782.813407656] [leg_odom_node]: Тћ»ТњЉУёџтѕЄТЇб: both Рєњ right
[INFO] [1784017782.915370508] [leg_odom_node]: Тћ»ТњЉУёџтѕЄТЇб: right Рєњ both
[INFO] [1784017782.933962068] [leg_odom_node]: Тћ»ТњЉУёџтѕЄТЇб: both Рєњ left
[INFO] [1784017783.211055474] [leg_odom_node]: Тћ»ТњЉУёџтѕЄТЇб: left Рєњ both
[INFO] [1784017783.226538048] [leg_odom_node]: Тћ»ТњЉУёџтѕЄТЇб: both Рєњ right
[INFO] [1784017783.334631952] [leg_odom_node]: Тћ»ТњЉУёџтѕЄТЇб: right Рєњ both
[INFO] [1784017783.345006955] [leg_odom_node]: Тћ»ТњЉУёџтѕЄТЇб: both Рєњ left
[INFO] [1784017783.500397788] [leg_odom_node]: Тћ»ТњЉУёџтѕЄТЇб: left Рєњ both
[INFO] [1784017783.509053994] [leg_odom_node]: Тћ»ТњЉУёџтѕЄТЇб: both Рєњ right
[INFO] [1784017783.617805288] [leg_odom_node]: Тћ»ТњЉУёџтѕЄТЇб: right Рєњ both
[INFO] [1784017783.635392967] [leg_odom_node]: Тћ»ТњЉУёџтѕЄТЇб: both Рєњ left
[INFO] [1784017783.910377832] [leg_odom_node]: Тћ»ТњЉУёџтѕЄТЇб: left Рєњ both
[INFO] [1784017783.925516453] [leg_odom_node]: Тћ»ТњЉУёџтѕЄТЇб: both Рєњ right
[INFO] [1784017784.022803911] [leg_odom_node]: Тћ»ТњЉУёџтѕЄТЇб: right Рєњ both
[INFO] [1784017784.033075491] [leg_odom_node]: Тћ»ТњЉУёџтѕЄТЇб: both Рєњ left
[INFO] [1784017784.190431169] [leg_odom_node]: Тћ»ТњЉУёџтѕЄТЇб: left Рєњ both
[INFO] [1784017784.199622414] [leg_odom_node]: Тћ»ТњЉУёџтѕЄТЇб: both Рєњ right
[INFO] [1784017784.312994868] [leg_odom_node]: Тћ»ТњЉУёџтѕЄТЇб: right Рєњ both
[INFO] [1784017784.329388146] [leg_odom_node]: Тћ»ТњЉУёџтѕЄТЇб: both Рєњ left
[INFO] [1784017784.602912660] [leg_odom_node]: Тћ»ТњЉУёџтѕЄТЇб: left Рєњ both
[INFO] [1784017784.618004642] [leg_odom_node]: Тћ»ТњЉУёџтѕЄТЇб: both Рєњ right
[INFO] [1784017784.715574187] [leg_odom_node]: Тћ»ТњЉУёџтѕЄТЇб: right Рєњ both
[INFO] [1784017784.725823186] [leg_odom_node]: Тћ»ТњЉУёџтѕЄТЇб: both Рєњ left
[INFO] [1784017784.885033099] [leg_odom_node]: Тћ»ТњЉУёџтѕЄТЇб: left Рєњ both
[INFO] [1784017784.895155273] [leg_odom_node]: Тћ»ТњЉУёџтѕЄТЇб: both Рєњ right
[INFO] [1784017785.000164317] [leg_odom_node]: Тћ»ТњЉУёџтѕЄТЇб: right Рєњ both
[INFO] [1784017785.019235118] [leg_odom_node]: Тћ»ТњЉУёџтѕЄТЇб: both Рєњ left
[INFO] [1784017785.300967495] [leg_odom_node]: Тћ»ТњЉУёџтѕЄТЇб: left Рєњ both
[INFO] [1784017785.314946772] [leg_odom_node]: Тћ»ТњЉУёџтѕЄТЇб: both Рєњ right
[INFO] [1784017785.411092357] [leg_odom_node]: Тћ»ТњЉУёџтѕЄТЇб: right Рєњ both
[INFO] [1784017785.422910911] [leg_odom_node]: Тћ»ТњЉУёџтѕЄТЇб: both Рєњ left
[INFO] [1784017785.579286947] [leg_odom_node]: Тћ»ТњЉУёџтѕЄТЇб: left Рєњ both
[INFO] [1784017785.588276626] [leg_odom_node]: Тћ»ТњЉУёџтѕЄТЇб: both Рєњ right
[INFO] [1784017785.695355546] [leg_odom_node]: Тћ»ТњЉУёџтѕЄТЇб: right Рєњ both
[INFO] [1784017785.719820376] [leg_odom_node]: Тћ»ТњЉУёџтѕЄТЇб: both Рєњ left
[INFO] [1784017785.993414596] [leg_odom_node]: Тћ»ТњЉУёџтѕЄТЇб: left Рєњ both
[INFO] [1784017786.007861301] [leg_odom_node]: Тћ»ТњЉУёџтѕЄТЇб: both Рєњ right
[INFO] [1784017786.106965919] [leg_odom_node]: Тћ»ТњЉУёџтѕЄТЇб: right Рєњ both
[INFO] [1784017786.119023892] [leg_odom_node]: Тћ»ТњЉУёџтѕЄТЇб: both Рєњ left
[INFO] [1784017786.277067369] [leg_odom_node]: Тћ»ТњЉУёџтѕЄТЇб: left Рєњ both
[INFO] [1784017786.288307591] [leg_odom_node]: Тћ»ТњЉУёџтѕЄТЇб: both Рєњ right
[INFO] [1784017786.403526240] [leg_odom_node]: Тћ»ТњЉУёџтѕЄТЇб: right Рєњ both
[INFO] [1784017786.420695730] [leg_odom_node]: Тћ»ТњЉУёџтѕЄТЇб: both Рєњ left
[INFO] [1784017786.660030270] [leg_odom_node]: Тћ»ТњЉУёџтѕЄТЇб: left Рєњ both
[INFO] [1784017786.677075212] [leg_odom_node]: Тћ»ТњЉУёџтѕЄТЇб: both Рєњ right
[INFO] [1784017786.785240958] [leg_odom_node]: Тћ»ТњЉУёџтѕЄТЇб: right Рєњ both
[INFO] [1784017786.797190635] [leg_odom_node]: Тћ»ТњЉУёџтѕЄТЇб: both Рєњ left
[INFO] [1784017786.967340534] [leg_odom_node]: Тћ»ТњЉУёџтѕЄТЇб: left Рєњ both
[INFO] [1784017786.976310232] [leg_odom_node]: Тћ»ТњЉУёџтѕЄТЇб: both Рєњ right
[INFO] [1784017787.082228375] [leg_odom_node]: Тћ»ТњЉУёџтѕЄТЇб: right Рєњ both
[INFO] [1784017787.095837465] [leg_odom_node]: Тћ»ТњЉУёџтѕЄТЇб: both Рєњ left
[INFO] [1784017787.332933829] [leg_odom_node]: Тћ»ТњЉУёџтѕЄТЇб: left Рєњ both
[INFO] [1784017787.339240140] [leg_odom_node]: Тћ»ТњЉУёџтѕЄТЇб: both Рєњ right
[INFO] [1784017787.440468117] [leg_odom_node]: Тћ»ТњЉУёџтѕЄТЇб: right Рєњ both
[INFO] [1784017787.453832307] [leg_odom_node]: Тћ»ТњЉУёџтѕЄТЇб: both Рєњ left
[INFO] [1784017787.641632334] [leg_odom_node]: Тћ»ТњЉУёџтѕЄТЇб: left Рєњ both
[INFO] [1784017787.649101923] [leg_odom_node]: Тћ»ТњЉУёџтѕЄТЇб: both Рєњ right
[INFO] [1784017787.752469218] [leg_odom_node]: Тћ»ТњЉУёџтѕЄТЇб: right Рєњ both
[INFO] [1784017787.766376889] [leg_odom_node]: Тћ»ТњЉУёџтѕЄТЇб: both Рєњ left
[INFO] [1784017787.970675326] [leg_odom_node]: Тћ»ТњЉУёџтѕЄТЇб: left Рєњ both
[INFO] [1784017787.985245204] [leg_odom_node]: Тћ»ТњЉУёџтѕЄТЇб: both Рєњ right
[INFO] [1784017788.081465571] [leg_odom_node]: Тћ»ТњЉУёџтѕЄТЇб: right Рєњ both
[INFO] [1784017788.094674511] [leg_odom_node]: Тћ»ТњЉУёџтѕЄТЇб: both Рєњ left
[INFO] [1784017788.283987293] [leg_odom_node]: Тћ»ТњЉУёџтѕЄТЇб: left Рєњ both
[INFO] [1784017788.296786769] [leg_odom_node]: Тћ»ТњЉУёџтѕЄТЇб: both Рєњ right
[INFO] [1784017788.412713709] [leg_odom_node]: Тћ»ТњЉУёџтѕЄТЇб: right Рєњ both
[INFO] [1784017788.426996354] [leg_odom_node]: Тћ»ТњЉУёџтѕЄТЇб: both Рєњ left
[INFO] [1784017788.598737543] [leg_odom_node]: Тћ»ТњЉУёџтѕЄТЇб: left Рєњ both
[INFO] [1784017788.612193544] [leg_odom_node]: Тћ»ТњЉУёџтѕЄТЇб: both Рєњ right
[INFO] [1784017788.680606422] [leg_odom_node]: Тћ»ТњЉУёџтѕЄТЇб: right Рєњ both
[INFO] [1784017788.705912578] [leg_odom_node]: Тћ»ТњЉУёџтѕЄТЇб: both Рєњ left
[INFO] [1784017788.930323295] [leg_odom_node]: Тћ»ТњЉУёџтѕЄТЇб: left Рєњ both
[INFO] [1784017788.945544172] [leg_odom_node]: Тћ»ТњЉУёџтѕЄТЇб: both Рєњ right
[INFO] [1784017789.014408023] [leg_odom_node]: Тћ»ТњЉУёџтѕЄТЇб: right Рєњ both
[INFO] [1784017789.029367536] [leg_odom_node]: Тћ»ТњЉУёџтѕЄТЇб: both Рєњ left
[INFO] [1784017789.219503752] [leg_odom_node]: Тћ»ТњЉУёџтѕЄТЇб: left Рєњ both
[INFO] [1784017789.237445926] [leg_odom_node]: Тћ»ТњЉУёџтѕЄТЇб: both Рєњ right
[INFO] [1784017789.301526715] [leg_odom_node]: Тћ»ТњЉУёџтѕЄТЇб: right Рєњ both
[INFO] [1784017789.325166428] [leg_odom_node]: Тћ»ТњЉУёџтѕЄТЇб: both Рєњ left
[INFO] [1784017789.596914640] [leg_odom_node]: Тћ»ТњЉУёџтѕЄТЇб: left Рєњ both
[INFO] [1784017789.613618389] [leg_odom_node]: Тћ»ТњЉУёџтѕЄТЇб: both Рєњ right
[INFO] [1784017789.691389033] [leg_odom_node]: Тћ»ТњЉУёџтѕЄТЇб: right Рєњ both
[INFO] [1784017789.704996229] [leg_odom_node]: Тћ»ТњЉУёџтѕЄТЇб: both Рєњ left
[INFO] [1784017789.869503989] [leg_odom_node]: Тћ»ТњЉУёџтѕЄТЇб: left Рєњ both
[INFO] [1784017789.877829713] [leg_odom_node]: Тћ»ТњЉУёџтѕЄТЇб: both Рєњ right
[INFO] [1784017789.972560879] [leg_odom_node]: Тћ»ТњЉУёџтѕЄТЇб: right Рєњ both
[INFO] [1784017789.990409593] [leg_odom_node]: Тћ»ТњЉУёџтѕЄТЇб: both Рєњ left
[INFO] [1784017790.259831742] [leg_odom_node]: Тћ»ТњЉУёџтѕЄТЇб: left Рєњ both
[INFO] [1784017790.272572783] [leg_odom_node]: Тћ»ТњЉУёџтѕЄТЇб: both Рєњ right
[INFO] [1784017790.366694673] [leg_odom_node]: Тћ»ТњЉУёџтѕЄТЇб: right Рєњ both
[INFO] [1784017790.384877815] [leg_odom_node]: Тћ»ТњЉУёџтѕЄТЇб: both Рєњ left
[INFO] [1784017790.540707252] [leg_odom_node]: Тћ»ТњЉУёџтѕЄТЇб: left Рєњ both
[INFO] [1784017790.548958460] [leg_odom_node]: Тћ»ТњЉУёџтѕЄТЇб: both Рєњ right
[INFO] [1784017790.669352426] [leg_odom_node]: Тћ»ТњЉУёџтѕЄТЇб: right Рєњ both
[INFO] [1784017790.688317967] [leg_odom_node]: Тћ»ТњЉУёџтѕЄТЇб: both Рєњ left
[INFO] [1784017790.940495419] [leg_odom_node]: Тћ»ТњЉУёџтѕЄТЇб: left Рєњ both
[INFO] [1784017790.955276103] [leg_odom_node]: Тћ»ТњЉУёџтѕЄТЇб: both Рєњ right
[INFO] [1784017791.060888465] [leg_odom_node]: Тћ»ТњЉУёџтѕЄТЇб: right Рєњ both
[INFO] [1784017791.071032802] [leg_odom_node]: Тћ»ТњЉУёџтѕЄТЇб: both Рєњ left
[INFO] [1784017791.229286282] [leg_odom_node]: Тћ»ТњЉУёџтѕЄТЇб: left Рєњ both
[INFO] [1784017791.241778318] [leg_odom_node]: Тћ»ТњЉУёџтѕЄТЇб: both Рєњ right
[INFO] [1784017791.337441787] [leg_odom_node]: Тћ»ТњЉУёџтѕЄТЇб: right Рєњ both
[INFO] [1784017791.356689077] [leg_odom_node]: Тћ»ТњЉУёџтѕЄТЇб: both Рєњ left
[INFO] [1784017791.629969725] [leg_odom_node]: Тћ»ТњЉУёџтѕЄТЇб: left Рєњ both
[INFO] [1784017791.648722135] [leg_odom_node]: Тћ»ТњЉУёџтѕЄТЇб: both Рєњ right
[INFO] [1784017791.748491219] [leg_odom_node]: Тћ»ТњЉУёџтѕЄТЇб: right Рєњ both
[INFO] [1784017791.760117687] [leg_odom_node]: Тћ»ТњЉУёџтѕЄТЇб: both Рєњ left
[INFO] [1784017791.922528243] [leg_odom_node]: Тћ»ТњЉУёџтѕЄТЇб: left Рєњ both
[INFO] [1784017791.930867229] [leg_odom_node]: Тћ»ТњЉУёџтѕЄТЇб: both Рєњ right
[INFO] [1784017792.026453497] [leg_odom_node]: Тћ»ТњЉУёџтѕЄТЇб: right Рєњ both
[INFO] [1784017792.047442090] [leg_odom_node]: Тћ»ТњЉУёџтѕЄТЇб: both Рєњ left
[INFO] [1784017792.324893264] [leg_odom_node]: Тћ»ТњЉУёџтѕЄТЇб: left Рєњ both
[INFO] [1784017792.344405856] [leg_odom_node]: Тћ»ТњЉУёџтѕЄТЇб: both Рєњ right
[INFO] [1784017792.440915558] [leg_odom_node]: Тћ»ТњЉУёџтѕЄТЇб: right Рєњ both
[INFO] [1784017792.452134718] [leg_odom_node]: Тћ»ТњЉУёџтѕЄТЇб: both Рєњ left
[INFO] [1784017792.621082801] [leg_odom_node]: Тћ»ТњЉУёџтѕЄТЇб: left Рєњ both
[INFO] [1784017792.628924448] [leg_odom_node]: Тћ»ТњЉУёџтѕЄТЇб: both Рєњ right
[INFO] [1784017792.721386034] [leg_odom_node]: Тћ»ТњЉУёџтѕЄТЇб: right Рєњ both
[INFO] [1784017792.738488081] [leg_odom_node]: Тћ»ТњЉУёџтѕЄТЇб: both Рєњ left
[INFO] [1784017793.019350378] [leg_odom_node]: Тћ»ТњЉУёџтѕЄТЇб: left Рєњ both
[INFO] [1784017793.037368280] [leg_odom_node]: Тћ»ТњЉУёџтѕЄТЇб: both Рєњ right
[INFO] [1784017793.140783105] [leg_odom_node]: Тћ»ТњЉУёџтѕЄТЇб: right Рєњ both
[INFO] [1784017793.149814062] [leg_odom_node]: Тћ»ТњЉУёџтѕЄТЇб: both Рєњ left
[INFO] [1784017793.302845922] [leg_odom_node]: Тћ»ТњЉУёџтѕЄТЇб: left Рєњ both
[INFO] [1784017793.312406917] [leg_odom_node]: Тћ»ТњЉУёџтѕЄТЇб: both Рєњ right
[INFO] [1784017793.413833792] [leg_odom_node]: Тћ»ТњЉУёџтѕЄТЇб: right Рєњ both
[INFO] [1784017793.433487752] [leg_odom_node]: Тћ»ТњЉУёџтѕЄТЇб: both Рєњ left
[INFO] [1784017793.713010271] [leg_odom_node]: Тћ»ТњЉУёџтѕЄТЇб: left Рєњ both
[INFO] [1784017793.736164119] [leg_odom_node]: Тћ»ТњЉУёџтѕЄТЇб: both Рєњ right
[INFO] [1784017793.826405278] [leg_odom_node]: Тћ»ТњЉУёџтѕЄТЇб: right Рєњ both
[INFO] [1784017793.849203780] [leg_odom_node]: Тћ»ТњЉУёџтѕЄТЇб: both Рєњ left
[INFO] [1784017793.998645479] [leg_odom_node]: Тћ»ТњЉУёџтѕЄТЇб: left Рєњ both
[INFO] [1784017794.004138114] [leg_odom_node]: Тћ»ТњЉУёџтѕЄТЇб: both Рєњ right
[INFO] [1784017794.108108369] [leg_odom_node]: Тћ»ТњЉУёџтѕЄТЇб: right Рєњ both
[INFO] [1784017794.129141149] [leg_odom_node]: Тћ»ТњЉУёџтѕЄТЇб: both Рєњ left
[INFO] [1784017794.406150729] [leg_odom_node]: Тћ»ТњЉУёџтѕЄТЇб: left Рєњ both
[INFO] [1784017794.420599031] [leg_odom_node]: Тћ»ТњЉУёџтѕЄТЇб: both Рєњ right
[INFO] [1784017794.522078752] [leg_odom_node]: Тћ»ТњЉУёџтѕЄТЇб: right Рєњ both
[INFO] [1784017794.534105740] [leg_odom_node]: Тћ»ТњЉУёџтѕЄТЇб: both Рєњ left
[INFO] [1784017794.704800288] [leg_odom_node]: Тћ»ТњЉУёџтѕЄТЇб: left Рєњ both
[INFO] [1784017794.712471489] [leg_odom_node]: Тћ»ТњЉУёџтѕЄТЇб: both Рєњ right
[INFO] [1784017794.821759510] [leg_odom_node]: Тћ»ТњЉУёџтѕЄТЇб: right Рєњ both
[INFO] [1784017794.839246438] [leg_odom_node]: Тћ»ТњЉУёџтѕЄТЇб: both Рєњ left
[INFO] [1784017795.079385096] [leg_odom_node]: Тћ»ТњЉУёџтѕЄТЇб: left Рєњ both
[INFO] [1784017795.088044401] [leg_odom_node]: Тћ»ТњЉУёџтѕЄТЇб: both Рєњ right
[INFO] [1784017795.196197404] [leg_odom_node]: Тћ»ТњЉУёџтѕЄТЇб: right Рєњ both
[INFO] [1784017795.208967820] [leg_odom_node]: Тћ»ТњЉУёџтѕЄТЇб: both Рєњ left
[INFO] [1784017795.382919081] [leg_odom_node]: Тћ»ТњЉУёџтѕЄТЇб: left Рєњ both
[INFO] [1784017795.392211059] [leg_odom_node]: Тћ»ТњЉУёџтѕЄТЇб: both Рєњ right
[INFO] [1784017795.492882028] [leg_odom_node]: Тћ»ТњЉУёџтѕЄТЇб: right Рєњ both
[INFO] [1784017795.507720119] [leg_odom_node]: Тћ»ТњЉУёџтѕЄТЇб: both Рєњ left
[INFO] [1784017795.749214195] [leg_odom_node]: Тћ»ТњЉУёџтѕЄТЇб: left Рєњ both
[INFO] [1784017795.757729991] [leg_odom_node]: Тћ»ТњЉУёџтѕЄТЇб: both Рєњ right
[INFO] [1784017795.881390389] [leg_odom_node]: Тћ»ТњЉУёџтѕЄТЇб: right Рєњ both
[INFO] [1784017795.895845110] [leg_odom_node]: Тћ»ТњЉУёџтѕЄТЇб: both Рєњ left
[INFO] [1784017796.054043242] [leg_odom_node]: Тћ»ТњЉУёџтѕЄТЇб: left Рєњ both
[INFO] [1784017796.064946522] [leg_odom_node]: Тћ»ТњЉУёџтѕЄТЇб: both Рєњ right
[INFO] [1784017796.166923934] [leg_odom_node]: Тћ»ТњЉУёџтѕЄТЇб: right Рєњ both
[INFO] [1784017796.179006304] [leg_odom_node]: Тћ»ТњЉУёџтѕЄТЇб: both Рєњ left
[INFO] [1784017796.392375056] [leg_odom_node]: Тћ»ТњЉУёџтѕЄТЇб: left Рєњ both
[INFO] [1784017796.408579599] [leg_odom_node]: Тћ»ТњЉУёџтѕЄТЇб: both Рєњ right
[INFO] [1784017796.505371826] [leg_odom_node]: Тћ»ТњЉУёџтѕЄТЇб: right Рєњ both
[INFO] [1784017796.528069344] [leg_odom_node]: Тћ»ТњЉУёџтѕЄТЇб: both Рєњ left
[INFO] [1784017796.703281525] [leg_odom_node]: Тћ»ТњЉУёџтѕЄТЇб: left Рєњ both
[INFO] [1784017796.716301677] [leg_odom_node]: Тћ»ТњЉУёџтѕЄТЇб: both Рєњ right
[INFO] [1784017796.813242023] [leg_odom_node]: Тћ»ТњЉУёџтѕЄТЇб: right Рєњ both
[INFO] [1784017796.825607804] [leg_odom_node]: Тћ»ТњЉУёџтѕЄТЇб: both Рєњ left
[INFO] [1784017797.048627977] [leg_odom_node]: Тћ»ТњЉУёџтѕЄТЇб: left Рєњ both
[INFO] [1784017797.055412526] [leg_odom_node]: Тћ»ТњЉУёџтѕЄТЇб: both Рєњ right
[INFO] [1784017797.159264704] [leg_odom_node]: Тћ»ТњЉУёџтѕЄТЇб: right Рєњ both
[INFO] [1784017797.175007421] [leg_odom_node]: Тћ»ТњЉУёџтѕЄТЇб: both Рєњ left
[INFO] [1784017797.364965518] [leg_odom_node]: Тћ»ТњЉУёџтѕЄТЇб: left Рєњ both
[INFO] [1784017797.379477708] [leg_odom_node]: Тћ»ТњЉУёџтѕЄТЇб: both Рєњ right
[INFO] [1784017797.473201120] [leg_odom_node]: Тћ»ТњЉУёџтѕЄТЇб: right Рєњ both
[INFO] [1784017797.493844607] [leg_odom_node]: Тћ»ТњЉУёџтѕЄТЇб: both Рєњ left
[INFO] [1784017797.658000595] [leg_odom_node]: Тћ»ТњЉУёџтѕЄТЇб: left Рєњ both
[INFO] [1784017797.666330932] [leg_odom_node]: Тћ»ТњЉУёџтѕЄТЇб: both Рєњ right
[INFO] [1784017797.767411702] [leg_odom_node]: Тћ»ТњЉУёџтѕЄТЇб: right Рєњ both
[INFO] [1784017797.783858636] [leg_odom_node]: Тћ»ТњЉУёџтѕЄТЇб: both Рєњ left
[INFO] [1784017798.029898678] [leg_odom_node]: Тћ»ТњЉУёџтѕЄТЇб: left Рєњ both
[INFO] [1784017798.042869498] [leg_odom_node]: Тћ»ТњЉУёџтѕЄТЇб: both Рєњ right
[INFO] [1784017798.133687136] [leg_odom_node]: Тћ»ТњЉУёџтѕЄТЇб: right Рєњ both
[INFO] [1784017798.142127146] [leg_odom_node]: Тћ»ТњЉУёџтѕЄТЇб: both Рєњ left
[INFO] [1784017798.309024811] [leg_odom_node]: Тћ»ТњЉУёџтѕЄТЇб: left Рєњ both
[INFO] [1784017798.317534124] [leg_odom_node]: Тћ»ТњЉУёџтѕЄТЇб: both Рєњ right
[INFO] [1784017798.408708379] [leg_odom_node]: Тћ»ТњЉУёџтѕЄТЇб: right Рєњ both
[INFO] [1784017798.428894946] [leg_odom_node]: Тћ»ТњЉУёџтѕЄТЇб: both Рєњ left
[INFO] [1784017798.693839192] [leg_odom_node]: Тћ»ТњЉУёџтѕЄТЇб: left Рєњ both
[INFO] [1784017798.707309767] [leg_odom_node]: Тћ»ТњЉУёџтѕЄТЇб: both Рєњ right
[INFO] [1784017798.799708167] [leg_odom_node]: Тћ»ТњЉУёџтѕЄТЇб: right Рєњ both
[INFO] [1784017798.816346371] [leg_odom_node]: Тћ»ТњЉУёџтѕЄТЇб: both Рєњ left
[INFO] [1784017798.967738508] [leg_odom_node]: Тћ»ТњЉУёџтѕЄТЇб: left Рєњ both
[INFO] [1784017798.976958241] [leg_odom_node]: Тћ»ТњЉУёџтѕЄТЇб: both Рєњ right
[INFO] [1784017799.072953099] [leg_odom_node]: Тћ»ТњЉУёџтѕЄТЇб: right Рєњ both
[INFO] [1784017799.093741735] [leg_odom_node]: Тћ»ТњЉУёџтѕЄТЇб: both Рєњ left
[INFO] [1784017799.363100023] [leg_odom_node]: Тћ»ТњЉУёџтѕЄТЇб: left Рєњ both
[INFO] [1784017799.377500656] [leg_odom_node]: Тћ»ТњЉУёџтѕЄТЇб: both Рєњ right
[INFO] [1784017799.488299012] [leg_odom_node]: Тћ»ТњЉУёџтѕЄТЇб: right Рєњ both
[INFO] [1784017799.501223420] [leg_odom_node]: Тћ»ТњЉУёџтѕЄТЇб: both Рєњ left
[INFO] [1784017799.652886041] [leg_odom_node]: Тћ»ТњЉУёџтѕЄТЇб: left Рєњ both
[INFO] [1784017799.663955906] [leg_odom_node]: Тћ»ТњЉУёџтѕЄТЇб: both Рєњ right
[INFO] [1784017799.763636046] [leg_odom_node]: Тћ»ТњЉУёџтѕЄТЇб: right Рєњ both
[INFO] [1784017799.791091271] [leg_odom_node]: Тћ»ТњЉУёџтѕЄТЇб: both Рєњ left
[INFO] [1784017800.052079385] [leg_odom_node]: Тћ»ТњЉУёџтѕЄТЇб: left Рєњ both
[INFO] [1784017800.068319240] [leg_odom_node]: Тћ»ТњЉУёџтѕЄТЇб: both Рєњ right
[INFO] [1784017800.170628460] [leg_odom_node]: Тћ»ТњЉУёџтѕЄТЇб: right Рєњ both
[INFO] [1784017800.183840416] [leg_odom_node]: Тћ»ТњЉУёџтѕЄТЇб: both Рєњ left
[INFO] [1784017800.334898991] [leg_odom_node]: Тћ»ТњЉУёџтѕЄТЇб: left Рєњ both
[INFO] [1784017800.342744085] [leg_odom_node]: Тћ»ТњЉУёџтѕЄТЇб: both Рєњ right
[INFO] [1784017800.441357153] [leg_odom_node]: Тћ»ТњЉУёџтѕЄТЇб: right Рєњ both
[INFO] [1784017800.464161796] [leg_odom_node]: Тћ»ТњЉУёџтѕЄТЇб: both Рєњ left
[INFO] [1784017800.737502849] [leg_odom_node]: Тћ»ТњЉУёџтѕЄТЇб: left Рєњ both
[INFO] [1784017800.755713755] [leg_odom_node]: Тћ»ТњЉУёџтѕЄТЇб: both Рєњ right
[INFO] [1784017800.859634655] [leg_odom_node]: Тћ»ТњЉУёџтѕЄТЇб: right Рєњ both
[INFO] [1784017800.867714879] [leg_odom_node]: Тћ»ТњЉУёџтѕЄТЇб: both Рєњ left
[INFO] [1784017801.023270638] [leg_odom_node]: Тћ»ТњЉУёџтѕЄТЇб: left Рєњ both
[INFO] [1784017801.035061247] [leg_odom_node]: Тћ»ТњЉУёџтѕЄТЇб: both Рєњ right
[INFO] [1784017801.134031620] [leg_odom_node]: Тћ»ТњЉУёџтѕЄТЇб: right Рєњ both
[INFO] [1784017801.151202370] [leg_odom_node]: Тћ»ТњЉУёџтѕЄТЇб: both Рєњ left
[INFO] [1784017801.437692712] [leg_odom_node]: Тћ»ТњЉУёџтѕЄТЇб: left Рєњ both
[INFO] [1784017801.452578883] [leg_odom_node]: Тћ»ТњЉУёџтѕЄТЇб: both Рєњ right
[INFO] [1784017801.545024004] [leg_odom_node]: Тћ»ТњЉУёџтѕЄТЇб: right Рєњ both
[INFO] [1784017801.555380384] [leg_odom_node]: Тћ»ТњЉУёџтѕЄТЇб: both Рєњ left
[INFO] [1784017801.716722991] [leg_odom_node]: Тћ»ТњЉУёџтѕЄТЇб: left Рєњ both
[INFO] [1784017801.723970413] [leg_odom_node]: Тћ»ТњЉУёџтѕЄТЇб: both Рєњ right
[INFO] [1784017801.823290662] [leg_odom_node]: Тћ»ТњЉУёџтѕЄТЇб: right Рєњ both
[INFO] [1784017801.843334384] [leg_odom_node]: Тћ»ТњЉУёџтѕЄТЇб: both Рєњ left
[INFO] [1784017802.130517853] [leg_odom_node]: Тћ»ТњЉУёџтѕЄТЇб: left Рєњ both
[INFO] [1784017802.148648764] [leg_odom_node]: Тћ»ТњЉУёџтѕЄТЇб: both Рєњ right
[INFO] [1784017802.238342916] [leg_odom_node]: Тћ»ТњЉУёџтѕЄТЇб: right Рєњ both
[INFO] [1784017802.250246855] [leg_odom_node]: Тћ»ТњЉУёџтѕЄТЇб: both Рєњ left
[INFO] [1784017802.405651018] [leg_odom_node]: Тћ»ТњЉУёџтѕЄТЇб: left Рєњ both
[INFO] [1784017802.415428452] [leg_odom_node]: Тћ»ТњЉУёџтѕЄТЇб: both Рєњ right
[INFO] [1784017802.524044460] [leg_odom_node]: Тћ»ТњЉУёџтѕЄТЇб: right Рєњ both
[INFO] [1784017802.540087567] [leg_odom_node]: Тћ»ТњЉУёџтѕЄТЇб: both Рєњ left
[INFO] [1784017802.816033819] [leg_odom_node]: Тћ»ТњЉУёџтѕЄТЇб: left Рєњ both
[INFO] [1784017802.833273692] [leg_odom_node]: Тћ»ТњЉУёџтѕЄТЇб: both Рєњ right
[INFO] [1784017802.930805840] [leg_odom_node]: Тћ»ТњЉУёџтѕЄТЇб: right Рєњ both
[INFO] [1784017802.941815273] [leg_odom_node]: Тћ»ТњЉУёџтѕЄТЇб: both Рєњ left
Traceback (most recent call last):
  File "/home/robot/F1/navigation/install/humanoid_sim/lib/humanoid_sim/leg_odom_node.py", line 391, in main
    rclpy.spin(node)
  File "/home/robot/Anaconda/envs/F1/ros_humble/lib/python3.12/site-packages/rclpy/__init__.py", line 229, in spin
    executor.spin_once()
  File "/home/robot/Anaconda/envs/F1/ros_humble/lib/python3.12/site-packages/rclpy/executors.py", line 776, in spin_once
    self._spin_once_impl(timeout_sec)
  File "/home/robot/Anaconda/envs/F1/ros_humble/lib/python3.12/site-packages/rclpy/executors.py", line 765, in _spin_once_impl
    handler, entity, node = self.wait_for_ready_callbacks(timeout_sec=timeout_sec)
                            ^^^^^^^^^^^^^^^^^^^^^^^^^^^^^^^^^^^^^^^^^^^^^^^^^^^^^^
  File "/home/robot/Anaconda/envs/F1/ros_humble/lib/python3.12/site-packages/rclpy/executors.py", line 748, in wait_for_ready_callbacks
    return next(self._cb_iter)
           ^^^^^^^^^^^^^^^^^^^
  File "/home/robot/Anaconda/envs/F1/ros_humble/lib/python3.12/site-packages/rclpy/executors.py", line 649, in _wait_for_ready_callbacks
    raise ExternalShutdownException()
rclpy.executors.ExternalShutdownException

During handling of the above exception, another exception occurred:

Traceback (most recent call last):
  File "/home/robot/F1/navigation/install/humanoid_sim/lib/humanoid_sim/leg_odom_node.py", line 400, in <module>
    main()
  File "/home/robot/F1/navigation/install/humanoid_sim/lib/humanoid_sim/leg_odom_node.py", line 396, in main
    rclpy.shutdown()
  File "/home/robot/Anaconda/envs/F1/ros_humble/lib/python3.12/site-packages/rclpy/__init__.py", line 130, in shutdown
    _shutdown(context=context)
  File "/home/robot/Anaconda/envs/F1/ros_humble/lib/python3.12/site-packages/rclpy/utilities.py", line 58, in shutdown
    return context.shutdown()
           ^^^^^^^^^^^^^^^^^^
  File "/home/robot/Anaconda/envs/F1/ros_humble/lib/python3.12/site-packages/rclpy/context.py", line 102, in shutdown
    self.__context.shutdown()
rclpy._rclpy_pybind11.RCLError: failed to shutdown: rcl_shutdown already called on the given context, at /home/runner/conda-bld/bld/rattler-build_ros-humble-rcl_1773562911/work/ros-humble-rcl/src/work/src/rcl/init.c:241
