[INFO] [launch]: All log files can be found below /home/robot/.ros/log/2026-07-14-16-28-59-232808-robot-ThinkStation-P720-1909587
[INFO] [launch]: Default logging verbosity is set to INFO
[INFO] [static_transform_publisher-1]: process started with pid [1909644]
[INFO] [global_localization_node-2]: process started with pid [1909646]
[static_transform_publisher-1] [WARN] [1784017739.312839042] []: Old-style arguments are deprecated; see --help for new-style arguments
[static_transform_publisher-1] [INFO] [1784017739.347361656] [base_center_broadcaster]: Spinning until stopped - publishing transform
[static_transform_publisher-1] translation: ('0.000000', '0.000000', '0.000000')
[static_transform_publisher-1] rotation: ('0.000000', '0.000000', '0.000000', '1.000000')
[static_transform_publisher-1] from 'base_link' to 'motion_link'
[global_localization_node-2] [37;1m2026-07-14 16:28:59.350 [31;1m[[37;1mRTPS_TRANSPORT_SHM[31;1m Error] [37mFailed init_port fastrtps_port7425: open_and_lock_file failed[34;1m -> Function [36mopen_port_internal[m
[global_localization_node-2] [INFO] [1784017739.373900348] [global_localization_node]: pose baselink2odom:
[global_localization_node-2] x: 0.000000, y: 0.000000, z: 0.000000, qx: 0.000000,                             qy: 0.000000, qz: 0.000000, qw: 1.000000
[global_localization_node-2] [INFO] [1784017739.374334763] [global_localization_node]: Kalman filter parameters:
[global_localization_node-2] [INFO] [1784017739.374348425] [global_localization_node]:   kf_x: [0.000000, 0.000000], size: 2
[global_localization_node-2] [INFO] [1784017739.374361257] [global_localization_node]:   kf_y: [0.000000, 0.000000], size: 2
[global_localization_node-2] [INFO] [1784017739.374375602] [global_localization_node]:   kf_z: [0.000000, 0.000000], size: 2
[global_localization_node-2] [INFO] [1784017739.374386803] [global_localization_node]:   filter_odom2map: false
[global_localization_node-2] 0 0 0 0 0 0 
[global_localization_node-2] [ERROR] [1784017740.616881097] [global_localization_node]: [GetTransformMatrix]: "imu_link" passed to lookupTransform argument source_frame does not exist. 
[global_localization_node-2] mat_imulink2baselink_:
[global_localization_node-2] 1 0 0 0
[global_localization_node-2] 0 1 0 0
[global_localization_node-2] 0 0 1 0
[global_localization_node-2] 0 0 0 1
[global_localization_node-2] mat_baselink2motionlink_:
[global_localization_node-2] 1 0 0 0
[global_localization_node-2] 0 1 0 0
[global_localization_node-2] 0 0 1 0
[global_localization_node-2] 0 0 0 1
[global_localization_node-2] [WARN] [1784017740.617034873] [global_localization_node]: initialize finished
[global_localization_node-2] [INFO] [1784017740.619470153] [global_localization_node]: wait for Odometry_loc
[global_localization_node-2] [INFO] [1784017740.619524364] [global_localization_node]: Waiting for Odometry_loc...
[global_localization_node-2] [INFO] [1784017740.719609414] [global_localization_node]: Received Odometry_loc
[global_localization_node-2] [INFO] [1784017740.719678154] [global_localization_node]: wait for cloud_registered_1
[global_localization_node-2] [INFO] [1784017740.719694191] [global_localization_node]: Waiting for cloud_registered_1...
[global_localization_node-2] [INFO] [1784017743.922560402] [global_localization_node]: Waiting for cloud_registered_1...
[global_localization_node-2] [INFO] [1784017744.923436343] [global_localization_node]: Waiting for cloud_registered_1...
[global_localization_node-2] [INFO] [1784017746.925033116] [global_localization_node]: Waiting for cloud_registered_1...
[global_localization_node-2] [INFO] [1784017748.927136180] [global_localization_node]: Waiting for cloud_registered_1...
[global_localization_node-2] [INFO] [1784017751.028679750] [global_localization_node]: Waiting for cloud_registered_1...
[global_localization_node-2] [INFO] [1784017753.030251718] [global_localization_node]: Waiting for cloud_registered_1...
[global_localization_node-2] [INFO] [1784017755.131749126] [global_localization_node]: Waiting for cloud_registered_1...
[global_localization_node-2] [INFO] [1784017757.237505075] [global_localization_node]: Waiting for cloud_registered_1...
[global_localization_node-2] [INFO] [1784017759.339156068] [global_localization_node]: Waiting for cloud_registered_1...
[global_localization_node-2] [INFO] [1784017761.440815066] [global_localization_node]: Waiting for cloud_registered_1...
[global_localization_node-2] [INFO] [1784017763.442376139] [global_localization_node]: Waiting for cloud_registered_1...
[global_localization_node-2] [INFO] [1784017765.443919886] [global_localization_node]: Waiting for cloud_registered_1...
[global_localization_node-2] [INFO] [1784017767.445445801] [global_localization_node]: Waiting for cloud_registered_1...
[global_localization_node-2] [INFO] [1784017769.446962279] [global_localization_node]: Waiting for cloud_registered_1...
[global_localization_node-2] [INFO] [1784017771.448461811] [global_localization_node]: Waiting for cloud_registered_1...
[global_localization_node-2] [INFO] [1784017773.449973123] [global_localization_node]: Waiting for cloud_registered_1...
[global_localization_node-2] [INFO] [1784017775.451436037] [global_localization_node]: Waiting for cloud_registered_1...
[global_localization_node-2] [INFO] [1784017777.553012639] [global_localization_node]: Waiting for cloud_registered_1...
[global_localization_node-2] [INFO] [1784017779.554585544] [global_localization_node]: Waiting for cloud_registered_1...
[global_localization_node-2] [INFO] [1784017781.656370661] [global_localization_node]: Waiting for cloud_registered_1...
[global_localization_node-2] [INFO] [1784017783.658261148] [global_localization_node]: Waiting for cloud_registered_1...
[global_localization_node-2] [INFO] [1784017785.659774187] [global_localization_node]: Waiting for cloud_registered_1...
[global_localization_node-2] [INFO] [1784017787.661420906] [global_localization_node]: Waiting for cloud_registered_1...
[global_localization_node-2] [INFO] [1784017789.663100778] [global_localization_node]: Waiting for cloud_registered_1...
[global_localization_node-2] [INFO] [1784017791.667911340] [global_localization_node]: Waiting for cloud_registered_1...
[global_localization_node-2] [INFO] [1784017793.669904547] [global_localization_node]: Waiting for cloud_registered_1...
[global_localization_node-2] [INFO] [1784017795.671460368] [global_localization_node]: Waiting for cloud_registered_1...
[global_localization_node-2] [INFO] [1784017797.773358951] [global_localization_node]: Waiting for cloud_registered_1...
[global_localization_node-2] [INFO] [1784017799.774911839] [global_localization_node]: Waiting for cloud_registered_1...
[global_localization_node-2] [INFO] [1784017801.876462672] [global_localization_node]: Waiting for cloud_registered_1...
